{"/home/ubuntu/trading-research/virtual-office/tickerpulse-checkout/electron/main/backend-manager.ts": {"path":"/home/ubuntu/trading-research/virtual-office/tickerpulse-checkout/electron/main/backend-manager.ts","statementMap":{"0":{"start":{"line":1,"column":0},"end":{"line":1,"column":52}},"1":{"start":{"line":2,"column":0},"end":{"line":2,"column":29}},"2":{"start":{"line":3,"column":0},"end":{"line":3,"column":29}},"3":{"start":{"line":4,"column":0},"end":{"line":4,"column":31}},"4":{"start":{"line":5,"column":0},"end":{"line":5,"column":83}},"5":{"start":{"line":6,"column":0},"end":{"line":6,"column":45}},"6":{"start":{"line":9,"column":41},"end":{"line":9,"column":45}},"7":{"start":{"line":10,"column":17},"end":{"line":10,"column":21}},"8":{"start":{"line":16,"column":23},"end":{"line":16,"column":39}},"9":{"start":{"line":17,"column":20},"end":{"line":17,"column":32}},"10":{"start":{"line":18,"column":20},"end":{"line":18,"column":33}},"11":{"start":{"line":21,"column":40},"end":{"line":29,"column":6}},"12":{"start":{"line":35,"column":28},"end":{"line":35,"column":78}},"13":{"start":{"line":36,"column":27},"end":{"line":36,"column":45}},"14":{"start":{"line":38,"column":4},"end":{"line":49,"column":5}},"15":{"start":{"line":40,"column":6},"end":{"line":40,"column":32}},"16":{"start":{"line":41,"column":6},"end":{"line":41,"column":16}},"17":{"start":{"line":42,"column":6},"end":{"line":42,"column":58}},"18":{"start":{"line":45,"column":6},"end":{"line":45,"column":68}},"19":{"start":{"line":46,"column":6},"end":{"line":46,"column":35}},"20":{"start":{"line":47,"column":6},"end":{"line":47,"column":47}},"21":{"start":{"line":48,"column":6},"end":{"line":48,"column":71}},"22":{"start":{"line":51,"column":4},"end":{"line":56,"column":7}},"23":{"start":{"line":58,"column":4},"end":{"line":60,"column":7}},"24":{"start":{"line":59,"column":6},"end":{"line":59,"column":54}},"25":{"start":{"line":62,"column":4},"end":{"line":64,"column":7}},"26":{"start":{"line":63,"column":6},"end":{"line":63,"column":54}},"27":{"start":{"line":66,"column":4},"end":{"line":68,"column":7}},"28":{"start":{"line":67,"column":6},"end":{"line":67,"column":51}},"29":{"start":{"line":75,"column":18},"end":{"line":75,"column":28}},"30":{"start":{"line":76,"column":4},"end":{"line":87,"column":5}},"31":{"start":{"line":77,"column":6},"end":{"line":85,"column":7}},"32":{"start":{"line":78,"column":24},"end":{"line":78,"column":48}},"33":{"start":{"line":79,"column":8},"end":{"line":82,"column":9}},"34":{"start":{"line":80,"column":10},"end":{"line":80,"column":50}},"35":{"start":{"line":81,"column":10},"end":{"line":81,"column":17}},"36":{"start":{"line":86,"column":6},"end":{"line":86,"column":51}},"37":{"start":{"line":86,"column":31},"end":{"line":86,"column":49}},"38":{"start":{"line":88,"column":4},"end":{"line":88,"column":62}},"39":{"start":{"line":92,"column":4},"end":{"line":98,"column":7}},"40":{"start":{"line":93,"column":6},"end":{"line":97,"column":43}},"41":{"start":{"line":95,"column":10},"end":{"line":95,"column":42}},"42":{"start":{"line":97,"column":27},"end":{"line":97,"column":41}},"43":{"start":{"line":105,"column":4},"end":{"line":116,"column":5}},"44":{"start":{"line":106,"column":6},"end":{"line":113,"column":7}},"45":{"start":{"line":108,"column":8},"end":{"line":110,"column":11}},"46":{"start":{"line":112,"column":8},"end":{"line":112,"column":37}},"47":{"start":{"line":114,"column":6},"end":{"line":114,"column":26}},"48":{"start":{"line":115,"column":6},"end":{"line":115,"column":34}},"49":{"start":{"line":8,"column":0},"end":{"line":8,"column":13}}},"fnMap":{"0":{"name":"(anonymous_10)","decl":{"start":{"line":15,"column":2},"end":{"line":15,"column":7}},"loc":{"start":{"line":15,"column":13},"end":{"line":69,"column":3}}},"1":{"name":"(anonymous_11)","decl":{"start":{"line":36,"column":27},"end":{"line":36,"column":40}},"loc":{"start":{"line":36,"column":27},"end":{"line":36,"column":45}}},"2":{"name":"(anonymous_12)","decl":{"start":{"line":58,"column":36},"end":{"line":58,"column":37}},"loc":{"start":{"line":58,"column":53},"end":{"line":60,"column":5}}},"3":{"name":"(anonymous_13)","decl":{"start":{"line":62,"column":36},"end":{"line":62,"column":37}},"loc":{"start":{"line":62,"column":53},"end":{"line":64,"column":5}}},"4":{"name":"(anonymous_14)","decl":{"start":{"line":66,"column":28},"end":{"line":66,"column":29}},"loc":{"start":{"line":66,"column":37},"end":{"line":68,"column":5}}},"5":{"name":"(anonymous_15)","decl":{"start":{"line":74,"column":2},"end":{"line":74,"column":7}},"loc":{"start":{"line":74,"column":39},"end":{"line":89,"column":3}}},"6":{"name":"(anonymous_16)","decl":{"start":{"line":86,"column":24},"end":{"line":86,"column":25}},"loc":{"start":{"line":86,"column":31},"end":{"line":86,"column":49}}},"7":{"name":"(anonymous_17)","decl":{"start":{"line":91,"column":10},"end":{"line":91,"column":21}},"loc":{"start":{"line":91,"column":21},"end":{"line":99,"column":3}}},"8":{"name":"(anonymous_18)","decl":{"start":{"line":92,"column":23},"end":{"line":92,"column":24}},"loc":{"start":{"line":92,"column":35},"end":{"line":98,"column":5}}},"9":{"name":"(anonymous_19)","decl":{"start":{"line":94,"column":57},"end":{"line":94,"column":58}},"loc":{"start":{"line":94,"column":65},"end":{"line":96,"column":9}}},"10":{"name":"(anonymous_20)","decl":{"start":{"line":97,"column":21},"end":{"line":97,"column":24}},"loc":{"start":{"line":97,"column":27},"end":{"line":97,"column":41}}},"11":{"name":"(anonymous_21)","decl":{"start":{"line":104,"column":2},"end":{"line":104,"column":7}},"loc":{"start":{"line":104,"column":12},"end":{"line":117,"column":3}}}},"branchMap":{"0":{"loc":{"start":{"line":38,"column":4},"end":{"line":49,"column":5}},"type":"if","locations":[{"start":{"line":38,"column":4},"end":{"line":49,"column":5}},{"start":{"line":43,"column":11},"end":{"line":49,"column":5}}]},"1":{"loc":{"start":{"line":45,"column":16},"end":{"line":45,"column":67}},"type":"cond-expr","locations":[{"start":{"line":45,"column":47},"end":{"line":45,"column":55}},{"start":{"line":45,"column":58},"end":{"line":45,"column":67}}]},"2":{"loc":{"start":{"line":74,"column":22},"end":{"line":74,"column":39}},"type":"default-arg","locations":[{"start":{"line":74,"column":34},"end":{"line":74,"column":39}}]},"3":{"loc":{"start":{"line":79,"column":8},"end":{"line":82,"column":9}},"type":"if","locations":[{"start":{"line":79,"column":8},"end":{"line":82,"column":9}}]},"4":{"loc":{"start":{"line":105,"column":4},"end":{"line":116,"column":5}},"type":"if","locations":[{"start":{"line":105,"column":4},"end":{"line":116,"column":5}}]},"5":{"loc":{"start":{"line":105,"column":8},"end":{"line":105,"column":44}},"type":"binary-expr","locations":[{"start":{"line":105,"column":8},"end":{"line":105,"column":20}},{"start":{"line":105,"column":24},"end":{"line":105,"column":44}}]},"6":{"loc":{"start":{"line":106,"column":6},"end":{"line":113,"column":7}},"type":"if","locations":[{"start":{"line":106,"column":6},"end":{"line":113,"column":7}},{"start":{"line":111,"column":13},"end":{"line":113,"column":7}}]}},"s":{"0":0,"1":0,"2":0,"3":0,"4":0,"5":0,"6":0,"7":0,"8":0,"9":0,"10":0,"11":0,"12":0,"13":0,"14":0,"15":0,"16":0,"17":0,"18":0,"19":0,"20":0,"21":0,"22":0,"23":0,"24":0,"25":0,"26":0,"27":0,"28":0,"29":0,"30":0,"31":0,"32":0,"33":0,"34":0,"35":0,"36":0,"37":0,"38":0,"39":0,"40":0,"41":0,"42":0,"43":0,"44":0,"45":0,"46":0,"47":0,"48":0,"49":0},"f":{"0":0,"1":0,"2":0,"3":0,"4":0,"5":0,"6":0,"7":0,"8":0,"9":0,"10":0,"11":0},"b":{"0":[0,0],"1":[0,0],"2":[0],"3":[0],"4":[0],"5":[0,0],"6":[0,0]}}
,"/home/ubuntu/trading-research/virtual-office/tickerpulse-checkout/electron/main/env-manager.ts": {"path":"/home/ubuntu/trading-research/virtual-office/tickerpulse-checkout/electron/main/env-manager.ts","statementMap":{"0":{"start":{"line":27,"column":0},"end":{"line":27,"column":16}},"1":{"start":{"line":68,"column":0},"end":{"line":68,"column":16}},"2":{"start":{"line":1,"column":0},"end":{"line":1,"column":25}},"3":{"start":{"line":2,"column":0},"end":{"line":2,"column":37}},"4":{"start":{"line":28,"column":18},"end":{"line":28,"column":30}},"5":{"start":{"line":29,"column":26},"end":{"line":60,"column":4}},"6":{"start":{"line":62,"column":2},"end":{"line":62,"column":55}},"7":{"start":{"line":69,"column":39},"end":{"line":69,"column":41}},"8":{"start":{"line":70,"column":2},"end":{"line":70,"column":43}},"9":{"start":{"line":70,"column":31},"end":{"line":70,"column":43}},"10":{"start":{"line":71,"column":18},"end":{"line":71,"column":51}},"11":{"start":{"line":72,"column":2},"end":{"line":79,"column":3}},"12":{"start":{"line":73,"column":20},"end":{"line":73,"column":31}},"13":{"start":{"line":74,"column":4},"end":{"line":74,"column":54}},"14":{"start":{"line":74,"column":45},"end":{"line":74,"column":54}},"15":{"start":{"line":75,"column":20},"end":{"line":75,"column":40}},"16":{"start":{"line":76,"column":4},"end":{"line":78,"column":5}},"17":{"start":{"line":77,"column":6},"end":{"line":77,"column":75}},"18":{"start":{"line":80,"column":2},"end":{"line":80,"column":14}}},"fnMap":{"0":{"name":"writeEnvFile","decl":{"start":{"line":27,"column":16},"end":{"line":27,"column":28}},"loc":{"start":{"line":27,"column":49},"end":{"line":63,"column":1}}},"1":{"name":"parseEnvFile","decl":{"start":{"line":68,"column":16},"end":{"line":68,"column":28}},"loc":{"start":{"line":68,"column":44},"end":{"line":81,"column":1}}}},"branchMap":{"0":{"loc":{"start":{"line":34,"column":25},"end":{"line":34,"column":55}},"type":"binary-expr","locations":[{"start":{"line":34,"column":25},"end":{"line":34,"column":49}},{"start":{"line":34,"column":53},"end":{"line":34,"column":55}}]},"1":{"loc":{"start":{"line":35,"column":22},"end":{"line":35,"column":49}},"type":"binary-expr","locations":[{"start":{"line":35,"column":22},"end":{"line":35,"column":43}},{"start":{"line":35,"column":47},"end":{"line":35,"column":49}}]},"2":{"loc":{"start":{"line":36,"column":21},"end":{"line":36,"column":47}},"type":"binary-expr","locations":[{"start":{"line":36,"column":21},"end":{"line":36,"column":41}},{"start":{"line":36,"column":45},"end":{"line":36,"column":47}}]},"3":{"loc":{"start":{"line":37,"column":19},"end":{"line":37,"column":43}},"type":"binary-expr","locations":[{"start":{"line":37,"column":19},"end":{"line":37,"column":37}},{"start":{"line":37,"column":41},"end":{"line":37,"column":43}}]},"4":{"loc":{"start":{"line":47,"column":23},"end":{"line":47,"column":51}},"type":"binary-expr","locations":[{"start":{"line":47,"column":23},"end":{"line":47,"column":45}},{"start":{"line":47,"column":49},"end":{"line":47,"column":51}}]},"5":{"loc":{"start":{"line":48,"column":25},"end":{"line":48,"column":55}},"type":"binary-expr","locations":[{"start":{"line":48,"column":25},"end":{"line":48,"column":49}},{"start":{"line":48,"column":53},"end":{"line":48,"column":55}}]},"6":{"loc":{"start":{"line":49,"column":23},"end":{"line":49,"column":51}},"type":"binary-expr","locations":[{"start":{"line":49,"column":23},"end":{"line":49,"column":45}},{"start":{"line":49,"column":49},"end":{"line":49,"column":51}}]},"7":{"loc":{"start":{"line":50,"column":23},"end":{"line":50,"column":51}},"type":"binary-expr","locations":[{"start":{"line":50,"column":23},"end":{"line":50,"column":45}},{"start":{"line":50,"column":49},"end":{"line":50,"column":51}}]},"8":{"loc":{"start":{"line":70,"column":2},"end":{"line":70,"column":43}},"type":"if","locations":[{"start":{"line":70,"column":2},"end":{"line":70,"column":43}}]},"9":{"loc":{"start":{"line":74,"column":4},"end":{"line":74,"column":54}},"type":"if","locations":[{"start":{"line":74,"column":4},"end":{"line":74,"column":54}}]},"10":{"loc":{"start":{"line":74,"column":8},"end":{"line":74,"column":43}},"type":"binary-expr","locations":[{"start":{"line":74,"column":8},"end":{"line":74,"column":16}},{"start":{"line":74,"column":20},"end":{"line":74,"column":43}}]},"11":{"loc":{"start":{"line":76,"column":4},"end":{"line":78,"column":5}},"type":"if","locations":[{"start":{"line":76,"column":4},"end":{"line":78,"column":5}}]}},"s":{"0":1,"1":1,"2":1,"3":1,"4":0,"5":0,"6":0,"7":0,"8":0,"9":0,"10":0,"11":0,"12":0,"13":0,"14":0,"15":0,"16":0,"17":0,"18":0},"f":{"0":0,"1":0},"b":{"0":[0,0],"1":[0,0],"2":[0,0],"3":[0,0],"4":[0,0],"5":[0,0],"6":[0,0],"7":[0,0],"8":[0],"9":[0],"10":[0,0],"11":[0]}}
,"/home/ubuntu/trading-research/virtual-office/tickerpulse-checkout/electron/main/frontend-manager.ts": {"path":"/home/ubuntu/trading-research/virtual-office/tickerpulse-checkout/electron/main/frontend-manager.ts","statementMap":{"0":{"start":{"line":1,"column":0},"end":{"line":1,"column":52}},"1":{"start":{"line":2,"column":0},"end":{"line":2,"column":29}},"2":{"start":{"line":3,"column":0},"end":{"line":3,"column":31}},"3":{"start":{"line":4,"column":0},"end":{"line":4,"column":42}},"4":{"start":{"line":7,"column":41},"end":{"line":7,"column":45}},"5":{"start":{"line":8,"column":17},"end":{"line":8,"column":21}},"6":{"start":{"line":14,"column":27},"end":{"line":14,"column":45}},"7":{"start":{"line":20,"column":25},"end":{"line":20,"column":61}},"8":{"start":{"line":21,"column":27},"end":{"line":21,"column":64}},"9":{"start":{"line":23,"column":4},"end":{"line":35,"column":5}},"10":{"start":{"line":25,"column":6},"end":{"line":25,"column":29}},"11":{"start":{"line":26,"column":6},"end":{"line":26,"column":30}},"12":{"start":{"line":27,"column":6},"end":{"line":27,"column":40}},"13":{"start":{"line":28,"column":6},"end":{"line":28,"column":69}},"14":{"start":{"line":31,"column":6},"end":{"line":31,"column":65}},"15":{"start":{"line":32,"column":6},"end":{"line":32,"column":30}},"16":{"start":{"line":33,"column":6},"end":{"line":33,"column":40}},"17":{"start":{"line":34,"column":6},"end":{"line":34,"column":57}},"18":{"start":{"line":37,"column":40},"end":{"line":42,"column":6}},"19":{"start":{"line":44,"column":4},"end":{"line":49,"column":7}},"20":{"start":{"line":51,"column":4},"end":{"line":53,"column":7}},"21":{"start":{"line":52,"column":6},"end":{"line":52,"column":55}},"22":{"start":{"line":55,"column":4},"end":{"line":57,"column":7}},"23":{"start":{"line":56,"column":6},"end":{"line":56,"column":55}},"24":{"start":{"line":59,"column":4},"end":{"line":61,"column":7}},"25":{"start":{"line":60,"column":6},"end":{"line":60,"column":52}},"26":{"start":{"line":68,"column":18},"end":{"line":68,"column":28}},"27":{"start":{"line":69,"column":4},"end":{"line":80,"column":5}},"28":{"start":{"line":70,"column":6},"end":{"line":78,"column":7}},"29":{"start":{"line":71,"column":22},"end":{"line":71,"column":45}},"30":{"start":{"line":72,"column":8},"end":{"line":75,"column":9}},"31":{"start":{"line":73,"column":10},"end":{"line":73,"column":37}},"32":{"start":{"line":74,"column":10},"end":{"line":74,"column":17}},"33":{"start":{"line":79,"column":6},"end":{"line":79,"column":51}},"34":{"start":{"line":79,"column":31},"end":{"line":79,"column":49}},"35":{"start":{"line":81,"column":4},"end":{"line":81,"column":63}},"36":{"start":{"line":85,"column":4},"end":{"line":91,"column":7}},"37":{"start":{"line":86,"column":6},"end":{"line":90,"column":43}},"38":{"start":{"line":88,"column":10},"end":{"line":88,"column":68}},"39":{"start":{"line":90,"column":27},"end":{"line":90,"column":41}},"40":{"start":{"line":98,"column":4},"end":{"line":108,"column":5}},"41":{"start":{"line":99,"column":6},"end":{"line":105,"column":7}},"42":{"start":{"line":100,"column":8},"end":{"line":102,"column":11}},"43":{"start":{"line":104,"column":8},"end":{"line":104,"column":37}},"44":{"start":{"line":106,"column":6},"end":{"line":106,"column":26}},"45":{"start":{"line":107,"column":6},"end":{"line":107,"column":35}},"46":{"start":{"line":6,"column":0},"end":{"line":6,"column":13}}},"fnMap":{"0":{"name":"(anonymous_10)","decl":{"start":{"line":13,"column":2},"end":{"line":13,"column":7}},"loc":{"start":{"line":13,"column":13},"end":{"line":62,"column":3}}},"1":{"name":"(anonymous_11)","decl":{"start":{"line":14,"column":27},"end":{"line":14,"column":40}},"loc":{"start":{"line":14,"column":27},"end":{"line":14,"column":45}}},"2":{"name":"(anonymous_12)","decl":{"start":{"line":51,"column":36},"end":{"line":51,"column":37}},"loc":{"start":{"line":51,"column":53},"end":{"line":53,"column":5}}},"3":{"name":"(anonymous_13)","decl":{"start":{"line":55,"column":36},"end":{"line":55,"column":37}},"loc":{"start":{"line":55,"column":53},"end":{"line":57,"column":5}}},"4":{"name":"(anonymous_14)","decl":{"start":{"line":59,"column":28},"end":{"line":59,"column":29}},"loc":{"start":{"line":59,"column":37},"end":{"line":61,"column":5}}},"5":{"name":"(anonymous_15)","decl":{"start":{"line":67,"column":2},"end":{"line":67,"column":7}},"loc":{"start":{"line":67,"column":38},"end":{"line":82,"column":3}}},"6":{"name":"(anonymous_16)","decl":{"start":{"line":79,"column":24},"end":{"line":79,"column":25}},"loc":{"start":{"line":79,"column":31},"end":{"line":79,"column":49}}},"7":{"name":"(anonymous_17)","decl":{"start":{"line":84,"column":10},"end":{"line":84,"column":20}},"loc":{"start":{"line":84,"column":20},"end":{"line":92,"column":3}}},"8":{"name":"(anonymous_18)","decl":{"start":{"line":85,"column":23},"end":{"line":85,"column":24}},"loc":{"start":{"line":85,"column":35},"end":{"line":91,"column":5}}},"9":{"name":"(anonymous_19)","decl":{"start":{"line":87,"column":46},"end":{"line":87,"column":47}},"loc":{"start":{"line":87,"column":54},"end":{"line":89,"column":9}}},"10":{"name":"(anonymous_20)","decl":{"start":{"line":90,"column":21},"end":{"line":90,"column":24}},"loc":{"start":{"line":90,"column":27},"end":{"line":90,"column":41}}},"11":{"name":"(anonymous_21)","decl":{"start":{"line":97,"column":2},"end":{"line":97,"column":7}},"loc":{"start":{"line":97,"column":12},"end":{"line":109,"column":3}}}},"branchMap":{"0":{"loc":{"start":{"line":23,"column":4},"end":{"line":35,"column":5}},"type":"if","locations":[{"start":{"line":23,"column":4},"end":{"line":35,"column":5}},{"start":{"line":29,"column":11},"end":{"line":35,"column":5}}]},"1":{"loc":{"start":{"line":23,"column":8},"end":{"line":23,"column":62}},"type":"binary-expr","locations":[{"start":{"line":23,"column":8},"end":{"line":23,"column":32}},{"start":{"line":23,"column":36},"end":{"line":23,"column":62}}]},"2":{"loc":{"start":{"line":31,"column":16},"end":{"line":31,"column":64}},"type":"cond-expr","locations":[{"start":{"line":31,"column":47},"end":{"line":31,"column":56}},{"start":{"line":31,"column":59},"end":{"line":31,"column":64}}]},"3":{"loc":{"start":{"line":67,"column":21},"end":{"line":67,"column":38}},"type":"default-arg","locations":[{"start":{"line":67,"column":33},"end":{"line":67,"column":38}}]},"4":{"loc":{"start":{"line":72,"column":8},"end":{"line":75,"column":9}},"type":"if","locations":[{"start":{"line":72,"column":8},"end":{"line":75,"column":9}}]},"5":{"loc":{"start":{"line":88,"column":18},"end":{"line":88,"column":66}},"type":"binary-expr","locations":[{"start":{"line":88,"column":18},"end":{"line":88,"column":40}},{"start":{"line":88,"column":44},"end":{"line":88,"column":66}}]},"6":{"loc":{"start":{"line":98,"column":4},"end":{"line":108,"column":5}},"type":"if","locations":[{"start":{"line":98,"column":4},"end":{"line":108,"column":5}}]},"7":{"loc":{"start":{"line":98,"column":8},"end":{"line":98,"column":44}},"type":"binary-expr","locations":[{"start":{"line":98,"column":8},"end":{"line":98,"column":20}},{"start":{"line":98,"column":24},"end":{"line":98,"column":44}}]},"8":{"loc":{"start":{"line":99,"column":6},"end":{"line":105,"column":7}},"type":"if","locations":[{"start":{"line":99,"column":6},"end":{"line":105,"column":7}},{"start":{"line":103,"column":13},"end":{"line":105,"column":7}}]}},"s":{"0":0,"1":0,"2":0,"3":0,"4":0,"5":0,"6":0,"7":0,"8":0,"9":0,"10":0,"11":0,"12":0,"13":0,"14":0,"15":0,"16":0,"17":0,"18":0,"19":0,"20":0,"21":0,"22":0,"23":0,"24":0,"25":0,"26":0,"27":0,"28":0,"29":0,"30":0,"31":0,"32":0,"33":0,"34":0,"35":0,"36":0,"37":0,"38":0,"39":0,"40":0,"41":0,"42":0,"43":0,"44":0,"45":0,"46":0},"f":{"0":0,"1":0,"2":0,"3":0,"4":0,"5":0,"6":0,"7":0,"8":0,"9":0,"10":0,"11":0},"b":{"0":[0,0],"1":[0,0],"2":[0,0],"3":[0],"4":[0],"5":[0,0],"6":[0],"7":[0,0],"8":[0,0]}}
,"/home/ubuntu/trading-research/virtual-office/tickerpulse-checkout/electron/main/index.ts": {"path":"/home/ubuntu/trading-research/virtual-office/tickerpulse-checkout/electron/main/index.ts","statementMap":{"0":{"start":{"line":10,"column":0},"end":{"line":10,"column":76}},"1":{"start":{"line":11,"column":0},"end":{"line":11,"column":29}},"2":{"start":{"line":12,"column":0},"end":{"line":12,"column":25}},"3":{"start":{"line":13,"column":0},"end":{"line":13,"column":31}},"4":{"start":{"line":15,"column":0},"end":{"line":15,"column":66}},"5":{"start":{"line":16,"column":0},"end":{"line":16,"column":51}},"6":{"start":{"line":17,"column":0},"end":{"line":17,"column":53}},"7":{"start":{"line":18,"column":0},"end":{"line":18,"column":52}},"8":{"start":{"line":19,"column":0},"end":{"line":19,"column":53}},"9":{"start":{"line":20,"column":0},"end":{"line":20,"column":86}},"10":{"start":{"line":22,"column":39},"end":{"line":22,"column":43}},"11":{"start":{"line":23,"column":41},"end":{"line":23,"column":45}},"12":{"start":{"line":24,"column":44},"end":{"line":24,"column":48}},"13":{"start":{"line":25,"column":46},"end":{"line":25,"column":50}},"14":{"start":{"line":28,"column":0},"end":{"line":29,"column":54}},"15":{"start":{"line":29,"column":2},"end":{"line":29,"column":53}},"16":{"start":{"line":36,"column":58},"end":{"line":152,"column":4}},"17":{"start":{"line":44,"column":12},"end":{"line":47,"column":13}},"18":{"start":{"line":45,"column":14},"end":{"line":45,"column":32}},"19":{"start":{"line":46,"column":14},"end":{"line":46,"column":67}},"20":{"start":{"line":55,"column":13},"end":{"line":55,"column":43}},"21":{"start":{"line":56,"column":12},"end":{"line":56,"column":23}},"22":{"start":{"line":68,"column":12},"end":{"line":71,"column":13}},"23":{"start":{"line":69,"column":14},"end":{"line":69,"column":32}},"24":{"start":{"line":70,"column":14},"end":{"line":70,"column":58}},"25":{"start":{"line":78,"column":12},"end":{"line":81,"column":13}},"26":{"start":{"line":79,"column":14},"end":{"line":79,"column":32}},"27":{"start":{"line":80,"column":14},"end":{"line":80,"column":65}},"28":{"start":{"line":88,"column":12},"end":{"line":91,"column":13}},"29":{"start":{"line":89,"column":14},"end":{"line":89,"column":32}},"30":{"start":{"line":90,"column":14},"end":{"line":90,"column":67}},"31":{"start":{"line":111,"column":12},"end":{"line":111,"column":36}},"32":{"start":{"line":118,"column":12},"end":{"line":134,"column":15}},"33":{"start":{"line":141,"column":12},"end":{"line":141,"column":42}},"34":{"start":{"line":147,"column":12},"end":{"line":147,"column":45}},"35":{"start":{"line":154,"column":15},"end":{"line":154,"column":47}},"36":{"start":{"line":155,"column":2},"end":{"line":155,"column":32}},"37":{"start":{"line":162,"column":0},"end":{"line":179,"column":3}},"38":{"start":{"line":163,"column":2},"end":{"line":163,"column":41}},"39":{"start":{"line":165,"column":2},"end":{"line":165,"column":17}},"40":{"start":{"line":166,"column":2},"end":{"line":166,"column":24}},"41":{"start":{"line":169,"column":2},"end":{"line":169,"column":64}},"42":{"start":{"line":169,"column":38},"end":{"line":169,"column":62}},"43":{"start":{"line":170,"column":2},"end":{"line":170,"column":58}},"44":{"start":{"line":170,"column":35},"end":{"line":170,"column":56}},"45":{"start":{"line":172,"column":2},"end":{"line":178,"column":3}},"46":{"start":{"line":173,"column":4},"end":{"line":173,"column":58}},"47":{"start":{"line":174,"column":4},"end":{"line":174,"column":17}},"48":{"start":{"line":176,"column":4},"end":{"line":176,"column":52}},"49":{"start":{"line":177,"column":4},"end":{"line":177,"column":21}},"50":{"start":{"line":181,"column":0},"end":{"line":186,"column":3}},"51":{"start":{"line":183,"column":2},"end":{"line":185,"column":3}},"52":{"start":{"line":184,"column":4},"end":{"line":184,"column":15}},"53":{"start":{"line":188,"column":0},"end":{"line":191,"column":3}},"54":{"start":{"line":189,"column":3},"end":{"line":189,"column":33}},"55":{"start":{"line":190,"column":2},"end":{"line":190,"column":13}},"56":{"start":{"line":198,"column":2},"end":{"line":209,"column":5}},"57":{"start":{"line":212,"column":21},"end":{"line":212,"column":77}},"58":{"start":{"line":214,"column":2},"end":{"line":214,"column":36}},"59":{"start":{"line":217,"column":2},"end":{"line":222,"column":5}},"60":{"start":{"line":218,"column":4},"end":{"line":218,"column":49}},"61":{"start":{"line":219,"column":4},"end":{"line":219,"column":26}},"62":{"start":{"line":220,"column":4},"end":{"line":220,"column":24}},"63":{"start":{"line":221,"column":4},"end":{"line":221,"column":21}},"64":{"start":{"line":224,"column":2},"end":{"line":230,"column":5}},"65":{"start":{"line":225,"column":4},"end":{"line":225,"column":24}},"66":{"start":{"line":227,"column":4},"end":{"line":229,"column":5}},"67":{"start":{"line":228,"column":6},"end":{"line":228,"column":17}},"68":{"start":{"line":239,"column":2},"end":{"line":251,"column":5}},"69":{"start":{"line":254,"column":21},"end":{"line":254,"column":78}},"70":{"start":{"line":256,"column":2},"end":{"line":256,"column":34}},"71":{"start":{"line":257,"column":2},"end":{"line":257,"column":20}},"72":{"start":{"line":259,"column":2},"end":{"line":288,"column":3}},"73":{"start":{"line":261,"column":4},"end":{"line":261,"column":36}},"74":{"start":{"line":262,"column":4},"end":{"line":262,"column":42}},"75":{"start":{"line":263,"column":4},"end":{"line":263,"column":33}},"76":{"start":{"line":264,"column":4},"end":{"line":264,"column":41}},"77":{"start":{"line":265,"column":4},"end":{"line":265,"column":30}},"78":{"start":{"line":268,"column":4},"end":{"line":268,"column":37}},"79":{"start":{"line":269,"column":4},"end":{"line":269,"column":44}},"80":{"start":{"line":270,"column":4},"end":{"line":270,"column":34}},"81":{"start":{"line":271,"column":4},"end":{"line":271,"column":41}},"82":{"start":{"line":272,"column":4},"end":{"line":272,"column":31}},"83":{"start":{"line":275,"column":4},"end":{"line":275,"column":48}},"84":{"start":{"line":278,"column":4},"end":{"line":278,"column":26}},"85":{"start":{"line":281,"column":4},"end":{"line":281,"column":32}},"86":{"start":{"line":282,"column":4},"end":{"line":282,"column":47}},"87":{"start":{"line":282,"column":28},"end":{"line":282,"column":45}},"88":{"start":{"line":284,"column":4},"end":{"line":284,"column":42}},"89":{"start":{"line":286,"column":4},"end":{"line":286,"column":48}},"90":{"start":{"line":287,"column":4},"end":{"line":287,"column":31}},"91":{"start":{"line":290,"column":2},"end":{"line":292,"column":5}},"92":{"start":{"line":291,"column":4},"end":{"line":291,"column":22}},"93":{"start":{"line":300,"column":2},"end":{"line":300,"column":26}},"94":{"start":{"line":300,"column":19},"end":{"line":300,"column":26}},"95":{"start":{"line":302,"column":18},"end":{"line":302,"column":31}},"96":{"start":{"line":303,"column":20},"end":{"line":365,"column":9}},"97":{"start":{"line":368,"column":20},"end":{"line":368,"column":61}},"98":{"start":{"line":369,"column":2},"end":{"line":369,"column":50}},"99":{"start":{"line":370,"column":2},"end":{"line":370,"column":33}},"100":{"start":{"line":378,"column":2},"end":{"line":378,"column":31}},"101":{"start":{"line":380,"column":2},"end":{"line":383,"column":3}},"102":{"start":{"line":381,"column":4},"end":{"line":381,"column":33}},"103":{"start":{"line":382,"column":4},"end":{"line":382,"column":27}},"104":{"start":{"line":385,"column":2},"end":{"line":388,"column":3}},"105":{"start":{"line":386,"column":4},"end":{"line":386,"column":32}},"106":{"start":{"line":387,"column":4},"end":{"line":387,"column":26}},"107":{"start":{"line":390,"column":2},"end":{"line":390,"column":32}}},"fnMap":{"0":{"name":"(anonymous_10)","decl":{"start":{"line":28,"column":36},"end":{"line":28,"column":39}},"loc":{"start":{"line":29,"column":2},"end":{"line":29,"column":53}}},"1":{"name":"buildAppMenu","decl":{"start":{"line":35,"column":9},"end":{"line":35,"column":21}},"loc":{"start":{"line":35,"column":21},"end":{"line":156,"column":1}}},"2":{"name":"(anonymous_12)","decl":{"start":{"line":43,"column":17},"end":{"line":43,"column":20}},"loc":{"start":{"line":43,"column":22},"end":{"line":48,"column":11}}},"3":{"name":"(anonymous_13)","decl":{"start":{"line":54,"column":17},"end":{"line":54,"column":20}},"loc":{"start":{"line":54,"column":22},"end":{"line":57,"column":11}}},"4":{"name":"(anonymous_14)","decl":{"start":{"line":67,"column":17},"end":{"line":67,"column":20}},"loc":{"start":{"line":67,"column":22},"end":{"line":72,"column":11}}},"5":{"name":"(anonymous_15)","decl":{"start":{"line":77,"column":17},"end":{"line":77,"column":20}},"loc":{"start":{"line":77,"column":22},"end":{"line":82,"column":11}}},"6":{"name":"(anonymous_16)","decl":{"start":{"line":87,"column":17},"end":{"line":87,"column":20}},"loc":{"start":{"line":87,"column":22},"end":{"line":92,"column":11}}},"7":{"name":"(anonymous_17)","decl":{"start":{"line":110,"column":17},"end":{"line":110,"column":20}},"loc":{"start":{"line":110,"column":22},"end":{"line":112,"column":11}}},"8":{"name":"(anonymous_18)","decl":{"start":{"line":117,"column":17},"end":{"line":117,"column":20}},"loc":{"start":{"line":117,"column":22},"end":{"line":135,"column":11}}},"9":{"name":"(anonymous_19)","decl":{"start":{"line":140,"column":17},"end":{"line":140,"column":20}},"loc":{"start":{"line":140,"column":22},"end":{"line":142,"column":11}}},"10":{"name":"(anonymous_20)","decl":{"start":{"line":146,"column":17},"end":{"line":146,"column":20}},"loc":{"start":{"line":146,"column":22},"end":{"line":148,"column":11}}},"11":{"name":"(anonymous_21)","decl":{"start":{"line":162,"column":21},"end":{"line":162,"column":26}},"loc":{"start":{"line":162,"column":32},"end":{"line":179,"column":1}}},"12":{"name":"(anonymous_22)","decl":{"start":{"line":169,"column":32},"end":{"line":169,"column":35}},"loc":{"start":{"line":169,"column":38},"end":{"line":169,"column":62}}},"13":{"name":"(anonymous_23)","decl":{"start":{"line":170,"column":29},"end":{"line":170,"column":32}},"loc":{"start":{"line":170,"column":35},"end":{"line":170,"column":56}}},"14":{"name":"(anonymous_24)","decl":{"start":{"line":181,"column":28},"end":{"line":181,"column":31}},"loc":{"start":{"line":181,"column":33},"end":{"line":186,"column":1}}},"15":{"name":"(anonymous_25)","decl":{"start":{"line":188,"column":22},"end":{"line":188,"column":25}},"loc":{"start":{"line":188,"column":27},"end":{"line":191,"column":1}}},"16":{"name":"showWizard","decl":{"start":{"line":197,"column":9},"end":{"line":197,"column":19}},"loc":{"start":{"line":197,"column":19},"end":{"line":231,"column":1}}},"17":{"name":"(anonymous_27)","decl":{"start":{"line":217,"column":34},"end":{"line":217,"column":39}},"loc":{"start":{"line":217,"column":45},"end":{"line":222,"column":3}}},"18":{"name":"(anonymous_28)","decl":{"start":{"line":224,"column":28},"end":{"line":224,"column":31}},"loc":{"start":{"line":224,"column":33},"end":{"line":230,"column":3}}},"19":{"name":"startApp","decl":{"start":{"line":237,"column":15},"end":{"line":237,"column":23}},"loc":{"start":{"line":237,"column":23},"end":{"line":293,"column":1}}},"20":{"name":"(anonymous_30)","decl":{"start":{"line":282,"column":22},"end":{"line":282,"column":25}},"loc":{"start":{"line":282,"column":28},"end":{"line":282,"column":45}}},"21":{"name":"(anonymous_31)","decl":{"start":{"line":290,"column":26},"end":{"line":290,"column":29}},"loc":{"start":{"line":290,"column":31},"end":{"line":292,"column":3}}},"22":{"name":"showErrorPage","decl":{"start":{"line":299,"column":9},"end":{"line":299,"column":22}},"loc":{"start":{"line":299,"column":43},"end":{"line":371,"column":1}}},"23":{"name":"shutdown","decl":{"start":{"line":377,"column":15},"end":{"line":377,"column":23}},"loc":{"start":{"line":377,"column":23},"end":{"line":391,"column":1}}}},"branchMap":{"0":{"loc":{"start":{"line":44,"column":12},"end":{"line":47,"column":13}},"type":"if","locations":[{"start":{"line":44,"column":12},"end":{"line":47,"column":13}}]},"1":{"loc":{"start":{"line":68,"column":12},"end":{"line":71,"column":13}},"type":"if","locations":[{"start":{"line":68,"column":12},"end":{"line":71,"column":13}}]},"2":{"loc":{"start":{"line":78,"column":12},"end":{"line":81,"column":13}},"type":"if","locations":[{"start":{"line":78,"column":12},"end":{"line":81,"column":13}}]},"3":{"loc":{"start":{"line":88,"column":12},"end":{"line":91,"column":13}},"type":"if","locations":[{"start":{"line":88,"column":12},"end":{"line":91,"column":13}}]},"4":{"loc":{"start":{"line":172,"column":2},"end":{"line":178,"column":3}},"type":"if","locations":[{"start":{"line":172,"column":2},"end":{"line":178,"column":3}},{"start":{"line":175,"column":9},"end":{"line":178,"column":3}}]},"5":{"loc":{"start":{"line":183,"column":2},"end":{"line":185,"column":3}},"type":"if","locations":[{"start":{"line":183,"column":2},"end":{"line":185,"column":3}}]},"6":{"loc":{"start":{"line":227,"column":4},"end":{"line":229,"column":5}},"type":"if","locations":[{"start":{"line":227,"column":4},"end":{"line":229,"column":5}}]},"7":{"loc":{"start":{"line":300,"column":2},"end":{"line":300,"column":26}},"type":"if","locations":[{"start":{"line":300,"column":2},"end":{"line":300,"column":26}}]},"8":{"loc":{"start":{"line":380,"column":2},"end":{"line":383,"column":3}},"type":"if","locations":[{"start":{"line":380,"column":2},"end":{"line":383,"column":3}}]},"9":{"loc":{"start":{"line":385,"column":2},"end":{"line":388,"column":3}},"type":"if","locations":[{"start":{"line":385,"column":2},"end":{"line":388,"column":3}}]}},"s":{"0":0,"1":0,"2":0,"3":0,"4":0,"5":0,"6":0,"7":0,"8":0,"9":0,"10":0,"11":0,"12":0,"13":0,"14":0,"15":0,"16":0,"17":0,"18":0,"19":0,"20":0,"21":0,"22":0,"23":0,"24":0,"25":0,"26":0,"27":0,"28":0,"29":0,"30":0,"31":0,"32":0,"33":0,"34":0,"35":0,"36":0,"37":0,"38":0,"39":0,"40":0,"41":0,"42":0,"43":0,"44":0,"45":0,"46":0,"47":0,"48":0,"49":0,"50":0,"51":0,"52":0,"53":0,"54":0,"55":0,"56":0,"57":0,"58":0,"59":0,"60":0,"61":0,"62":0,"63":0,"64":0,"65":0,"66":0,"67":0,"68":0,"69":0,"70":0,"71":0,"72":0,"73":0,"74":0,"75":0,"76":0,"77":0,"78":0,"79":0,"80":0,"81":0,"82":0,"83":0,"84":0,"85":0,"86":0,"87":0,"88":0,"89":0,"90":0,"91":0,"92":0,"93":0,"94":0,"95":0,"96":0,"97":0,"98":0,"99":0,"100":0,"101":0,"102":0,"103":0,"104":0,"105":0,"106":0,"107":0},"f":{"0":0,"1":0,"2":0,"3":0,"4":0,"5":0,"6":0,"7":0,"8":0,"9":0,"10":0,"11":0,"12":0,"13":0,"14":0,"15":0,"16":0,"17":0,"18":0,"19":0,"20":0,"21":0,"22":0,"23":0},"b":{"0":[0],"1":[0],"2":[0],"3":[0],"4":[0,0],"5":[0],"6":[0],"7":[0],"8":[0],"9":[0]}}
,"/home/ubuntu/trading-research/virtual-office/tickerpulse-checkout/electron/main/ipc-handlers.ts": {"path":"/home/ubuntu/trading-research/virtual-office/tickerpulse-checkout/electron/main/ipc-handlers.ts","statementMap":{"0":{"start":{"line":43,"column":0},"end":{"line":43,"column":16}},"1":{"start":{"line":1,"column":0},"end":{"line":1,"column":49}},"2":{"start":{"line":2,"column":0},"end":{"line":2,"column":31}},"3":{"start":{"line":3,"column":0},"end":{"line":3,"column":59}},"4":{"start":{"line":4,"column":0},"end":{"line":4,"column":60}},"5":{"start":{"line":11,"column":20},"end":{"line":11,"column":52}},"6":{"start":{"line":12,"column":24},"end":{"line":12,"column":68}},"7":{"start":{"line":24,"column":2},"end":{"line":40,"column":3}},"8":{"start":{"line":25,"column":4},"end":{"line":37,"column":7}},"9":{"start":{"line":47,"column":2},"end":{"line":55,"column":4}},"10":{"start":{"line":53,"column":6},"end":{"line":53,"column":61}},"11":{"start":{"line":60,"column":2},"end":{"line":75,"column":4}},"12":{"start":{"line":63,"column":6},"end":{"line":73,"column":7}},"13":{"start":{"line":64,"column":8},"end":{"line":64,"column":29}},"14":{"start":{"line":65,"column":8},"end":{"line":65,"column":28}},"15":{"start":{"line":66,"column":8},"end":{"line":66,"column":47}},"16":{"start":{"line":67,"column":8},"end":{"line":67,"column":33}},"17":{"start":{"line":69,"column":8},"end":{"line":69,"column":56}},"18":{"start":{"line":70,"column":23},"end":{"line":70,"column":61}},"19":{"start":{"line":71,"column":8},"end":{"line":71,"column":89}},"20":{"start":{"line":72,"column":8},"end":{"line":72,"column":54}},"21":{"start":{"line":80,"column":2},"end":{"line":82,"column":5}},"22":{"start":{"line":81,"column":4},"end":{"line":81,"column":28}},"23":{"start":{"line":88,"column":2},"end":{"line":100,"column":4}},"24":{"start":{"line":91,"column":6},"end":{"line":98,"column":7}},"25":{"start":{"line":92,"column":8},"end":{"line":92,"column":64}},"26":{"start":{"line":93,"column":8},"end":{"line":93,"column":55}},"27":{"start":{"line":95,"column":8},"end":{"line":95,"column":60}},"28":{"start":{"line":96,"column":23},"end":{"line":96,"column":61}},"29":{"start":{"line":97,"column":8},"end":{"line":97,"column":83}},"30":{"start":{"line":110,"column":2},"end":{"line":131,"column":4}},"31":{"start":{"line":113,"column":6},"end":{"line":129,"column":7}},"32":{"start":{"line":114,"column":8},"end":{"line":126,"column":11}},"33":{"start":{"line":141,"column":2},"end":{"line":143,"column":3}},"34":{"start":{"line":142,"column":4},"end":{"line":142,"column":57}},"35":{"start":{"line":145,"column":57},"end":{"line":172,"column":4}},"36":{"start":{"line":147,"column":6},"end":{"line":159,"column":8}},"37":{"start":{"line":161,"column":6},"end":{"line":163,"column":8}},"38":{"start":{"line":165,"column":6},"end":{"line":166,"column":null}},"39":{"start":{"line":169,"column":6},"end":{"line":171,"column":8}},"40":{"start":{"line":174,"column":17},"end":{"line":174,"column":32}},"41":{"start":{"line":175,"column":2},"end":{"line":177,"column":3}},"42":{"start":{"line":176,"column":4},"end":{"line":176,"column":70}},"43":{"start":{"line":179,"column":2},"end":{"line":190,"column":3}},"44":{"start":{"line":180,"column":19},"end":{"line":180,"column":33}},"45":{"start":{"line":181,"column":4},"end":{"line":183,"column":5}},"46":{"start":{"line":182,"column":6},"end":{"line":182,"column":31}},"47":{"start":{"line":184,"column":4},"end":{"line":186,"column":5}},"48":{"start":{"line":185,"column":6},"end":{"line":185,"column":58}},"49":{"start":{"line":187,"column":4},"end":{"line":187,"column":62}},"50":{"start":{"line":189,"column":4},"end":{"line":189,"column":74}}},"fnMap":{"0":{"name":"_reportToFlask","decl":{"start":{"line":23,"column":15},"end":{"line":23,"column":29}},"loc":{"start":{"line":23,"column":61},"end":{"line":41,"column":1}}},"1":{"name":"registerIpcHandlers","decl":{"start":{"line":43,"column":16},"end":{"line":43,"column":35}},"loc":{"start":{"line":43,"column":35},"end":{"line":132,"column":1}}},"2":{"name":"(anonymous_3)","decl":{"start":{"line":49,"column":4},"end":{"line":49,"column":9}},"loc":{"start":{"line":52,"column":55},"end":{"line":54,"column":5}}},"3":{"name":"(anonymous_4)","decl":{"start":{"line":62,"column":4},"end":{"line":62,"column":9}},"loc":{"start":{"line":62,"column":90},"end":{"line":74,"column":5}}},"4":{"name":"(anonymous_5)","decl":{"start":{"line":80,"column":44},"end":{"line":80,"column":49}},"loc":{"start":{"line":80,"column":55},"end":{"line":82,"column":3}}},"5":{"name":"(anonymous_6)","decl":{"start":{"line":90,"column":4},"end":{"line":90,"column":5}},"loc":{"start":{"line":90,"column":71},"end":{"line":99,"column":5}}},"6":{"name":"(anonymous_7)","decl":{"start":{"line":112,"column":4},"end":{"line":112,"column":9}},"loc":{"start":{"line":112,"column":67},"end":{"line":130,"column":5}}},"7":{"name":"testProviderDirect","decl":{"start":{"line":137,"column":15},"end":{"line":137,"column":33}},"loc":{"start":{"line":139,"column":16},"end":{"line":191,"column":1}}},"8":{"name":"(anonymous_9)","decl":{"start":{"line":146,"column":15},"end":{"line":146,"column":18}},"loc":{"start":{"line":147,"column":6},"end":{"line":159,"column":8}}},"9":{"name":"(anonymous_10)","decl":{"start":{"line":160,"column":12},"end":{"line":160,"column":15}},"loc":{"start":{"line":161,"column":6},"end":{"line":163,"column":8}}},"10":{"name":"(anonymous_11)","decl":{"start":{"line":164,"column":12},"end":{"line":164,"column":15}},"loc":{"start":{"line":165,"column":6},"end":{"line":166,"column":null}}},"11":{"name":"(anonymous_12)","decl":{"start":{"line":168,"column":9},"end":{"line":168,"column":12}},"loc":{"start":{"line":169,"column":6},"end":{"line":171,"column":8}}}},"branchMap":{"0":{"loc":{"start":{"line":11,"column":20},"end":{"line":11,"column":52}},"type":"binary-expr","locations":[{"start":{"line":11,"column":20},"end":{"line":11,"column":42}},{"start":{"line":11,"column":46},"end":{"line":11,"column":52}}]},"1":{"loc":{"start":{"line":70,"column":23},"end":{"line":70,"column":61}},"type":"cond-expr","locations":[{"start":{"line":70,"column":46},"end":{"line":70,"column":49}},{"start":{"line":70,"column":52},"end":{"line":70,"column":61}}]},"2":{"loc":{"start":{"line":96,"column":23},"end":{"line":96,"column":61}},"type":"cond-expr","locations":[{"start":{"line":96,"column":46},"end":{"line":96,"column":49}},{"start":{"line":96,"column":52},"end":{"line":96,"column":61}}]},"3":{"loc":{"start":{"line":118,"column":18},"end":{"line":118,"column":55}},"type":"binary-expr","locations":[{"start":{"line":118,"column":18},"end":{"line":118,"column":30}},{"start":{"line":118,"column":34},"end":{"line":118,"column":55}}]},"4":{"loc":{"start":{"line":122,"column":23},"end":{"line":122,"column":68}},"type":"binary-expr","locations":[{"start":{"line":122,"column":23},"end":{"line":122,"column":40}},{"start":{"line":122,"column":44},"end":{"line":122,"column":68}}]},"5":{"loc":{"start":{"line":123,"column":24},"end":{"line":123,"column":65}},"type":"binary-expr","locations":[{"start":{"line":123,"column":24},"end":{"line":123,"column":42}},{"start":{"line":123,"column":46},"end":{"line":123,"column":65}}]},"6":{"loc":{"start":{"line":124,"column":22},"end":{"line":124,"column":49}},"type":"binary-expr","locations":[{"start":{"line":124,"column":22},"end":{"line":124,"column":38}},{"start":{"line":124,"column":42},"end":{"line":124,"column":49}}]},"7":{"loc":{"start":{"line":141,"column":2},"end":{"line":143,"column":3}},"type":"if","locations":[{"start":{"line":141,"column":2},"end":{"line":143,"column":3}}]},"8":{"loc":{"start":{"line":141,"column":6},"end":{"line":141,"column":43}},"type":"binary-expr","locations":[{"start":{"line":141,"column":6},"end":{"line":141,"column":13}},{"start":{"line":141,"column":17},"end":{"line":141,"column":43}}]},"9":{"loc":{"start":{"line":175,"column":2},"end":{"line":177,"column":3}},"type":"if","locations":[{"start":{"line":175,"column":2},"end":{"line":177,"column":3}}]},"10":{"loc":{"start":{"line":181,"column":4},"end":{"line":183,"column":5}},"type":"if","locations":[{"start":{"line":181,"column":4},"end":{"line":183,"column":5}}]},"11":{"loc":{"start":{"line":184,"column":4},"end":{"line":186,"column":5}},"type":"if","locations":[{"start":{"line":184,"column":4},"end":{"line":186,"column":5}}]},"12":{"loc":{"start":{"line":184,"column":8},"end":{"line":184,"column":54}},"type":"binary-expr","locations":[{"start":{"line":184,"column":8},"end":{"line":184,"column":29}},{"start":{"line":184,"column":33},"end":{"line":184,"column":54}}]}},"s":{"0":2,"1":2,"2":2,"3":2,"4":2,"5":2,"6":2,"7":3,"8":3,"9":19,"10":0,"11":13,"12":0,"13":0,"14":0,"15":0,"16":0,"17":0,"18":0,"19":0,"20":0,"21":13,"22":0,"23":13,"24":14,"25":14,"26":11,"27":3,"28":3,"29":3,"30":13,"31":0,"32":0,"33":0,"34":0,"35":0,"36":0,"37":0,"38":0,"39":0,"40":0,"41":0,"42":0,"43":0,"44":0,"45":0,"46":0,"47":0,"48":0,"49":0,"50":0},"f":{"0":3,"1":19,"2":0,"3":0,"4":0,"5":14,"6":0,"7":0,"8":0,"9":0,"10":0,"11":0},"b":{"0":[2,2],"1":[0,0],"2":[3,0],"3":[0,0],"4":[0,0],"5":[0,0],"6":[0,0],"7":[0],"8":[0,0],"9":[0],"10":[0],"11":[0],"12":[0,0]}}
,"/home/ubuntu/trading-research/virtual-office/tickerpulse-checkout/electron/main/paths.ts": {"path":"/home/ubuntu/trading-research/virtual-office/tickerpulse-checkout/electron/main/paths.ts","statementMap":{"0":{"start":{"line":9,"column":0},"end":{"line":9,"column":16}},"1":{"start":{"line":20,"column":0},"end":{"line":20,"column":16}},"2":{"start":{"line":31,"column":0},"end":{"line":31,"column":16}},"3":{"start":{"line":39,"column":0},"end":{"line":39,"column":16}},"4":{"start":{"line":47,"column":0},"end":{"line":47,"column":16}},"5":{"start":{"line":54,"column":0},"end":{"line":54,"column":16}},"6":{"start":{"line":1,"column":0},"end":{"line":1,"column":31}},"7":{"start":{"line":2,"column":0},"end":{"line":2,"column":29}},"8":{"start":{"line":3,"column":0},"end":{"line":3,"column":25}},"9":{"start":{"line":10,"column":12},"end":{"line":10,"column":60}},"10":{"start":{"line":11,"column":2},"end":{"line":11,"column":39}},"11":{"start":{"line":12,"column":2},"end":{"line":12,"column":11}},"12":{"start":{"line":21,"column":2},"end":{"line":23,"column":3}},"13":{"start":{"line":22,"column":4},"end":{"line":22,"column":58}},"14":{"start":{"line":25,"column":2},"end":{"line":25,"column":62}},"15":{"start":{"line":32,"column":19},"end":{"line":32,"column":69}},"16":{"start":{"line":33,"column":2},"end":{"line":33,"column":34}},"17":{"start":{"line":40,"column":19},"end":{"line":40,"column":69}},"18":{"start":{"line":41,"column":2},"end":{"line":41,"column":64}},"19":{"start":{"line":48,"column":2},"end":{"line":48,"column":45}},"20":{"start":{"line":55,"column":12},"end":{"line":55,"column":47}},"21":{"start":{"line":56,"column":2},"end":{"line":56,"column":39}},"22":{"start":{"line":57,"column":2},"end":{"line":57,"column":11}}},"fnMap":{"0":{"name":"getAppDataPath","decl":{"start":{"line":9,"column":16},"end":{"line":9,"column":30}},"loc":{"start":{"line":9,"column":30},"end":{"line":13,"column":1}}},"1":{"name":"getResourcePath","decl":{"start":{"line":20,"column":16},"end":{"line":20,"column":31}},"loc":{"start":{"line":20,"column":52},"end":{"line":26,"column":1}}},"2":{"name":"isFirstRun","decl":{"start":{"line":31,"column":16},"end":{"line":31,"column":26}},"loc":{"start":{"line":31,"column":26},"end":{"line":34,"column":1}}},"3":{"name":"markSetupComplete","decl":{"start":{"line":39,"column":16},"end":{"line":39,"column":33}},"loc":{"start":{"line":39,"column":33},"end":{"line":42,"column":1}}},"4":{"name":"getEnvPath","decl":{"start":{"line":47,"column":16},"end":{"line":47,"column":26}},"loc":{"start":{"line":47,"column":26},"end":{"line":49,"column":1}}},"5":{"name":"getLogsPath","decl":{"start":{"line":54,"column":16},"end":{"line":54,"column":27}},"loc":{"start":{"line":54,"column":27},"end":{"line":58,"column":1}}}},"branchMap":{"0":{"loc":{"start":{"line":21,"column":2},"end":{"line":23,"column":3}},"type":"if","locations":[{"start":{"line":21,"column":2},"end":{"line":23,"column":3}}]}},"s":{"0":1,"1":1,"2":1,"3":1,"4":1,"5":1,"6":1,"7":1,"8":1,"9":0,"10":0,"11":0,"12":0,"13":0,"14":0,"15":0,"16":0,"17":0,"18":0,"19":0,"20":0,"21":0,"22":0},"f":{"0":0,"1":0,"2":0,"3":0,"4":0,"5":0},"b":{"0":[0]}}
,"/home/ubuntu/trading-research/virtual-office/tickerpulse-checkout/electron/main/tray.ts": {"path":"/home/ubuntu/trading-research/virtual-office/tickerpulse-checkout/electron/main/tray.ts","statementMap":{"0":{"start":{"line":9,"column":0},"end":{"line":9,"column":16}},"1":{"start":{"line":35,"column":0},"end":{"line":35,"column":16}},"2":{"start":{"line":1,"column":0},"end":{"line":1,"column":71}},"3":{"start":{"line":2,"column":0},"end":{"line":2,"column":29}},"4":{"start":{"line":3,"column":0},"end":{"line":3,"column":47}},"5":{"start":{"line":4,"column":0},"end":{"line":4,"column":81}},"6":{"start":{"line":6,"column":24},"end":{"line":6,"column":28}},"7":{"start":{"line":7,"column":42},"end":{"line":7,"column":46}},"8":{"start":{"line":10,"column":2},"end":{"line":10,"column":29}},"9":{"start":{"line":13,"column":19},"end":{"line":13,"column":78}},"10":{"start":{"line":15,"column":2},"end":{"line":15,"column":56}},"11":{"start":{"line":16,"column":2},"end":{"line":16,"column":57}},"12":{"start":{"line":18,"column":2},"end":{"line":18,"column":18}},"13":{"start":{"line":21,"column":2},"end":{"line":24,"column":5}},"14":{"start":{"line":22,"column":4},"end":{"line":22,"column":22}},"15":{"start":{"line":23,"column":4},"end":{"line":23,"column":23}},"16":{"start":{"line":27,"column":2},"end":{"line":32,"column":5}},"17":{"start":{"line":28,"column":4},"end":{"line":31,"column":5}},"18":{"start":{"line":29,"column":6},"end":{"line":29,"column":29}},"19":{"start":{"line":30,"column":6},"end":{"line":30,"column":24}},"20":{"start":{"line":36,"column":2},"end":{"line":36,"column":18}},"21":{"start":{"line":40,"column":2},"end":{"line":40,"column":38}},"22":{"start":{"line":40,"column":31},"end":{"line":40,"column":38}},"23":{"start":{"line":41,"column":21},"end":{"line":41,"column":34}},"24":{"start":{"line":43,"column":17},"end":{"line":43,"column":34}},"25":{"start":{"line":45,"column":22},"end":{"line":85,"column":4}},"26":{"start":{"line":49,"column":8},"end":{"line":49,"column":26}},"27":{"start":{"line":50,"column":8},"end":{"line":50,"column":27}},"28":{"start":{"line":57,"column":8},"end":{"line":57,"column":26}},"29":{"start":{"line":58,"column":8},"end":{"line":58,"column":52}},"30":{"start":{"line":64,"column":8},"end":{"line":64,"column":26}},"31":{"start":{"line":65,"column":8},"end":{"line":65,"column":59}},"32":{"start":{"line":71,"column":8},"end":{"line":71,"column":26}},"33":{"start":{"line":72,"column":8},"end":{"line":72,"column":61}},"34":{"start":{"line":81,"column":9},"end":{"line":81,"column":39}},"35":{"start":{"line":82,"column":8},"end":{"line":82,"column":19}},"36":{"start":{"line":87,"column":2},"end":{"line":87,"column":35}},"37":{"start":{"line":91,"column":2},"end":{"line":119,"column":3}},"38":{"start":{"line":93,"column":6},"end":{"line":93,"column":66}},"39":{"start":{"line":95,"column":6},"end":{"line":95,"column":76}},"40":{"start":{"line":97,"column":6},"end":{"line":97,"column":83}},"41":{"start":{"line":99,"column":6},"end":{"line":105,"column":8}},"42":{"start":{"line":102,"column":11},"end":{"line":102,"column":41}},"43":{"start":{"line":103,"column":10},"end":{"line":103,"column":50}},"44":{"start":{"line":107,"column":6},"end":{"line":110,"column":8}},"45":{"start":{"line":109,"column":21},"end":{"line":109,"column":44}},"46":{"start":{"line":112,"column":6},"end":{"line":112,"column":53}},"47":{"start":{"line":115,"column":6},"end":{"line":118,"column":8}},"48":{"start":{"line":117,"column":21},"end":{"line":117,"column":44}}},"fnMap":{"0":{"name":"setupTray","decl":{"start":{"line":9,"column":16},"end":{"line":9,"column":25}},"loc":{"start":{"line":9,"column":51},"end":{"line":33,"column":1}}},"1":{"name":"(anonymous_10)","decl":{"start":{"line":21,"column":19},"end":{"line":21,"column":22}},"loc":{"start":{"line":21,"column":24},"end":{"line":24,"column":3}}},"2":{"name":"(anonymous_11)","decl":{"start":{"line":27,"column":25},"end":{"line":27,"column":26}},"loc":{"start":{"line":27,"column":35},"end":{"line":32,"column":3}}},"3":{"name":"rebuildTrayMenu","decl":{"start":{"line":35,"column":16},"end":{"line":35,"column":31}},"loc":{"start":{"line":35,"column":31},"end":{"line":37,"column":1}}},"4":{"name":"buildTrayMenu","decl":{"start":{"line":39,"column":9},"end":{"line":39,"column":22}},"loc":{"start":{"line":39,"column":22},"end":{"line":88,"column":1}}},"5":{"name":"(anonymous_14)","decl":{"start":{"line":48,"column":13},"end":{"line":48,"column":16}},"loc":{"start":{"line":48,"column":18},"end":{"line":51,"column":7}}},"6":{"name":"(anonymous_15)","decl":{"start":{"line":56,"column":13},"end":{"line":56,"column":16}},"loc":{"start":{"line":56,"column":18},"end":{"line":59,"column":7}}},"7":{"name":"(anonymous_16)","decl":{"start":{"line":63,"column":13},"end":{"line":63,"column":16}},"loc":{"start":{"line":63,"column":18},"end":{"line":66,"column":7}}},"8":{"name":"(anonymous_17)","decl":{"start":{"line":70,"column":13},"end":{"line":70,"column":16}},"loc":{"start":{"line":70,"column":18},"end":{"line":73,"column":7}}},"9":{"name":"(anonymous_18)","decl":{"start":{"line":80,"column":13},"end":{"line":80,"column":16}},"loc":{"start":{"line":80,"column":18},"end":{"line":83,"column":7}}},"10":{"name":"getUpdateMenuItem","decl":{"start":{"line":90,"column":9},"end":{"line":90,"column":26}},"loc":{"start":{"line":90,"column":47},"end":{"line":120,"column":1}}},"11":{"name":"(anonymous_20)","decl":{"start":{"line":101,"column":15},"end":{"line":101,"column":18}},"loc":{"start":{"line":101,"column":20},"end":{"line":104,"column":9}}},"12":{"name":"(anonymous_21)","decl":{"start":{"line":109,"column":15},"end":{"line":109,"column":18}},"loc":{"start":{"line":109,"column":21},"end":{"line":109,"column":44}}},"13":{"name":"(anonymous_22)","decl":{"start":{"line":117,"column":15},"end":{"line":117,"column":18}},"loc":{"start":{"line":117,"column":21},"end":{"line":117,"column":44}}}},"branchMap":{"0":{"loc":{"start":{"line":28,"column":4},"end":{"line":31,"column":5}},"type":"if","locations":[{"start":{"line":28,"column":4},"end":{"line":31,"column":5}}]},"1":{"loc":{"start":{"line":40,"column":2},"end":{"line":40,"column":38}},"type":"if","locations":[{"start":{"line":40,"column":2},"end":{"line":40,"column":38}}]},"2":{"loc":{"start":{"line":40,"column":6},"end":{"line":40,"column":29}},"type":"binary-expr","locations":[{"start":{"line":40,"column":6},"end":{"line":40,"column":11}},{"start":{"line":40,"column":15},"end":{"line":40,"column":29}}]},"3":{"loc":{"start":{"line":91,"column":2},"end":{"line":119,"column":3}},"type":"switch","locations":[{"start":{"line":92,"column":4},"end":{"line":93,"column":66}},{"start":{"line":94,"column":4},"end":{"line":95,"column":76}},{"start":{"line":96,"column":4},"end":{"line":97,"column":83}},{"start":{"line":98,"column":4},"end":{"line":105,"column":8}},{"start":{"line":106,"column":4},"end":{"line":110,"column":8}},{"start":{"line":111,"column":4},"end":{"line":112,"column":53}},{"start":{"line":113,"column":4},"end":{"line":113,"column":16}},{"start":{"line":114,"column":4},"end":{"line":118,"column":8}}]}},"s":{"0":0,"1":0,"2":0,"3":0,"4":0,"5":0,"6":0,"7":0,"8":0,"9":0,"10":0,"11":0,"12":0,"13":0,"14":0,"15":0,"16":0,"17":0,"18":0,"19":0,"20":0,"21":0,"22":0,"23":0,"24":0,"25":0,"26":0,"27":0,"28":0,"29":0,"30":0,"31":0,"32":0,"33":0,"34":0,"35":0,"36":0,"37":0,"38":0,"39":0,"40":0,"41":0,"42":0,"43":0,"44":0,"45":0,"46":0,"47":0,"48":0},"f":{"0":0,"1":0,"2":0,"3":0,"4":0,"5":0,"6":0,"7":0,"8":0,"9":0,"10":0,"11":0,"12":0,"13":0},"b":{"0":[0],"1":[0],"2":[0,0],"3":[0,0,0,0,0,0,0,0]}}
,"/home/ubuntu/trading-research/virtual-office/tickerpulse-checkout/electron/main/updater.ts": {"path":"/home/ubuntu/trading-research/virtual-office/tickerpulse-checkout/electron/main/updater.ts","statementMap":{"0":{"start":{"line":37,"column":0},"end":{"line":37,"column":16}},"1":{"start":{"line":41,"column":0},"end":{"line":41,"column":16}},"2":{"start":{"line":45,"column":0},"end":{"line":45,"column":16}},"3":{"start":{"line":105,"column":0},"end":{"line":105,"column":16}},"4":{"start":{"line":8,"column":0},"end":{"line":8,"column":73}},"5":{"start":{"line":9,"column":0},"end":{"line":9,"column":54}},"6":{"start":{"line":10,"column":0},"end":{"line":10,"column":31}},"7":{"start":{"line":29,"column":27},"end":{"line":29,"column":44}},"8":{"start":{"line":30,"column":42},"end":{"line":30,"column":46}},"9":{"start":{"line":31,"column":42},"end":{"line":31,"column":46}},"10":{"start":{"line":38,"column":2},"end":{"line":38,"column":16}},"11":{"start":{"line":42,"column":2},"end":{"line":42,"column":28}},"12":{"start":{"line":46,"column":2},"end":{"line":46,"column":29}},"13":{"start":{"line":49,"column":2},"end":{"line":49,"column":27}},"14":{"start":{"line":50,"column":2},"end":{"line":50,"column":34}},"15":{"start":{"line":51,"column":2},"end":{"line":51,"column":42}},"16":{"start":{"line":54,"column":2},"end":{"line":57,"column":5}},"17":{"start":{"line":55,"column":4},"end":{"line":55,"column":50}},"18":{"start":{"line":56,"column":4},"end":{"line":56,"column":37}},"19":{"start":{"line":59,"column":2},"end":{"line":62,"column":5}},"20":{"start":{"line":60,"column":4},"end":{"line":60,"column":61}},"21":{"start":{"line":61,"column":4},"end":{"line":61,"column":61}},"22":{"start":{"line":64,"column":2},"end":{"line":68,"column":5}},"23":{"start":{"line":65,"column":4},"end":{"line":65,"column":44}},"24":{"start":{"line":66,"column":4},"end":{"line":66,"column":39}},"25":{"start":{"line":67,"column":4},"end":{"line":67,"column":59}},"26":{"start":{"line":67,"column":21},"end":{"line":67,"column":49}},"27":{"start":{"line":70,"column":2},"end":{"line":74,"column":5}},"28":{"start":{"line":71,"column":16},"end":{"line":71,"column":44}},"29":{"start":{"line":72,"column":4},"end":{"line":72,"column":53}},"30":{"start":{"line":73,"column":4},"end":{"line":73,"column":54}},"31":{"start":{"line":76,"column":2},"end":{"line":80,"column":5}},"32":{"start":{"line":77,"column":4},"end":{"line":77,"column":62}},"33":{"start":{"line":78,"column":4},"end":{"line":78,"column":57}},"34":{"start":{"line":79,"column":4},"end":{"line":79,"column":38}},"35":{"start":{"line":82,"column":2},"end":{"line":86,"column":5}},"36":{"start":{"line":83,"column":4},"end":{"line":83,"column":47}},"37":{"start":{"line":84,"column":4},"end":{"line":84,"column":56}},"38":{"start":{"line":85,"column":4},"end":{"line":85,"column":59}},"39":{"start":{"line":85,"column":21},"end":{"line":85,"column":49}},"40":{"start":{"line":89,"column":2},"end":{"line":94,"column":13}},"41":{"start":{"line":90,"column":4},"end":{"line":90,"column":55}},"42":{"start":{"line":91,"column":4},"end":{"line":93,"column":7}},"43":{"start":{"line":92,"column":6},"end":{"line":92,"column":63}},"44":{"start":{"line":97,"column":2},"end":{"line":102,"column":25}},"45":{"start":{"line":98,"column":4},"end":{"line":98,"column":56}},"46":{"start":{"line":99,"column":4},"end":{"line":101,"column":7}},"47":{"start":{"line":100,"column":6},"end":{"line":100,"column":64}},"48":{"start":{"line":106,"column":2},"end":{"line":108,"column":3}},"49":{"start":{"line":107,"column":4},"end":{"line":107,"column":11}},"50":{"start":{"line":110,"column":2},"end":{"line":121,"column":5}},"51":{"start":{"line":111,"column":4},"end":{"line":111,"column":61}},"52":{"start":{"line":112,"column":4},"end":{"line":120,"column":5}},"53":{"start":{"line":113,"column":6},"end":{"line":119,"column":9}},"54":{"start":{"line":129,"column":2},"end":{"line":129,"column":21}},"55":{"start":{"line":130,"column":2},"end":{"line":130,"column":21}},"56":{"start":{"line":134,"column":2},"end":{"line":134,"column":60}},"57":{"start":{"line":134,"column":53},"end":{"line":134,"column":60}},"58":{"start":{"line":136,"column":2},"end":{"line":158,"column":7}},"59":{"start":{"line":149,"column":6},"end":{"line":157,"column":7}},"60":{"start":{"line":150,"column":8},"end":{"line":150,"column":56}},"61":{"start":{"line":151,"column":9},"end":{"line":151,"column":39}},"62":{"start":{"line":152,"column":8},"end":{"line":154,"column":17}},"63":{"start":{"line":153,"column":10},"end":{"line":153,"column":50}},"64":{"start":{"line":156,"column":8},"end":{"line":156,"column":79}}},"fnMap":{"0":{"name":"getUpdateStatus","decl":{"start":{"line":37,"column":16},"end":{"line":37,"column":31}},"loc":{"start":{"line":37,"column":31},"end":{"line":39,"column":1}}},"1":{"name":"setOnStatusChange","decl":{"start":{"line":41,"column":16},"end":{"line":41,"column":33}},"loc":{"start":{"line":41,"column":54},"end":{"line":43,"column":1}}},"2":{"name":"initAutoUpdater","decl":{"start":{"line":45,"column":16},"end":{"line":45,"column":31}},"loc":{"start":{"line":45,"column":57},"end":{"line":103,"column":1}}},"3":{"name":"(anonymous_4)","decl":{"start":{"line":54,"column":40},"end":{"line":54,"column":43}},"loc":{"start":{"line":54,"column":45},"end":{"line":57,"column":3}}},"4":{"name":"(anonymous_5)","decl":{"start":{"line":59,"column":37},"end":{"line":59,"column":38}},"loc":{"start":{"line":59,"column":58},"end":{"line":62,"column":3}}},"5":{"name":"(anonymous_6)","decl":{"start":{"line":64,"column":41},"end":{"line":64,"column":42}},"loc":{"start":{"line":64,"column":63},"end":{"line":68,"column":3}}},"6":{"name":"(anonymous_7)","decl":{"start":{"line":67,"column":15},"end":{"line":67,"column":18}},"loc":{"start":{"line":67,"column":21},"end":{"line":67,"column":49}}},"7":{"name":"(anonymous_8)","decl":{"start":{"line":70,"column":38},"end":{"line":70,"column":39}},"loc":{"start":{"line":70,"column":65},"end":{"line":74,"column":3}}},"8":{"name":"(anonymous_9)","decl":{"start":{"line":76,"column":38},"end":{"line":76,"column":39}},"loc":{"start":{"line":76,"column":59},"end":{"line":80,"column":3}}},"9":{"name":"(anonymous_10)","decl":{"start":{"line":82,"column":26},"end":{"line":82,"column":27}},"loc":{"start":{"line":82,"column":41},"end":{"line":86,"column":3}}},"10":{"name":"(anonymous_11)","decl":{"start":{"line":85,"column":15},"end":{"line":85,"column":18}},"loc":{"start":{"line":85,"column":21},"end":{"line":85,"column":49}}},"11":{"name":"(anonymous_12)","decl":{"start":{"line":89,"column":13},"end":{"line":89,"column":16}},"loc":{"start":{"line":89,"column":18},"end":{"line":94,"column":3}}},"12":{"name":"(anonymous_13)","decl":{"start":{"line":91,"column":40},"end":{"line":91,"column":41}},"loc":{"start":{"line":91,"column":48},"end":{"line":93,"column":5}}},"13":{"name":"(anonymous_14)","decl":{"start":{"line":97,"column":14},"end":{"line":97,"column":17}},"loc":{"start":{"line":97,"column":19},"end":{"line":102,"column":3}}},"14":{"name":"(anonymous_15)","decl":{"start":{"line":99,"column":40},"end":{"line":99,"column":41}},"loc":{"start":{"line":99,"column":48},"end":{"line":101,"column":5}}},"15":{"name":"checkForUpdatesManual","decl":{"start":{"line":105,"column":16},"end":{"line":105,"column":37}},"loc":{"start":{"line":105,"column":37},"end":{"line":122,"column":1}}},"16":{"name":"(anonymous_17)","decl":{"start":{"line":110,"column":38},"end":{"line":110,"column":39}},"loc":{"start":{"line":110,"column":46},"end":{"line":121,"column":3}}},"17":{"name":"setStatus","decl":{"start":{"line":128,"column":9},"end":{"line":128,"column":18}},"loc":{"start":{"line":128,"column":42},"end":{"line":131,"column":1}}},"18":{"name":"promptUserToRestart","decl":{"start":{"line":133,"column":9},"end":{"line":133,"column":28}},"loc":{"start":{"line":133,"column":44},"end":{"line":159,"column":1}}},"19":{"name":"(anonymous_20)","decl":{"start":{"line":148,"column":10},"end":{"line":148,"column":11}},"loc":{"start":{"line":148,"column":27},"end":{"line":158,"column":5}}},"20":{"name":"(anonymous_21)","decl":{"start":{"line":152,"column":19},"end":{"line":152,"column":22}},"loc":{"start":{"line":152,"column":24},"end":{"line":154,"column":9}}}},"branchMap":{"0":{"loc":{"start":{"line":106,"column":2},"end":{"line":108,"column":3}},"type":"if","locations":[{"start":{"line":106,"column":2},"end":{"line":108,"column":3}}]},"1":{"loc":{"start":{"line":106,"column":6},"end":{"line":106,"column":67}},"type":"binary-expr","locations":[{"start":{"line":106,"column":6},"end":{"line":106,"column":33}},{"start":{"line":106,"column":37},"end":{"line":106,"column":67}}]},"2":{"loc":{"start":{"line":112,"column":4},"end":{"line":120,"column":5}},"type":"if","locations":[{"start":{"line":112,"column":4},"end":{"line":120,"column":5}}]},"3":{"loc":{"start":{"line":112,"column":8},"end":{"line":112,"column":53}},"type":"binary-expr","locations":[{"start":{"line":112,"column":8},"end":{"line":112,"column":21}},{"start":{"line":112,"column":25},"end":{"line":112,"column":53}}]},"4":{"loc":{"start":{"line":134,"column":2},"end":{"line":134,"column":60}},"type":"if","locations":[{"start":{"line":134,"column":2},"end":{"line":134,"column":60}}]},"5":{"loc":{"start":{"line":134,"column":6},"end":{"line":134,"column":51}},"type":"binary-expr","locations":[{"start":{"line":134,"column":6},"end":{"line":134,"column":20}},{"start":{"line":134,"column":24},"end":{"line":134,"column":51}}]},"6":{"loc":{"start":{"line":149,"column":6},"end":{"line":157,"column":7}},"type":"if","locations":[{"start":{"line":149,"column":6},"end":{"line":157,"column":7}},{"start":{"line":155,"column":13},"end":{"line":157,"column":7}}]}},"s":{"0":0,"1":0,"2":0,"3":0,"4":0,"5":0,"6":0,"7":0,"8":0,"9":0,"10":0,"11":0,"12":0,"13":0,"14":0,"15":0,"16":0,"17":0,"18":0,"19":0,"20":0,"21":0,"22":0,"23":0,"24":0,"25":0,"26":0,"27":0,"28":0,"29":0,"30":0,"31":0,"32":0,"33":0,"34":0,"35":0,"36":0,"37":0,"38":0,"39":0,"40":0,"41":0,"42":0,"43":0,"44":0,"45":0,"46":0,"47":0,"48":0,"49":0,"50":0,"51":0,"52":0,"53":0,"54":0,"55":0,"56":0,"57":0,"58":0,"59":0,"60":0,"61":0,"62":0,"63":0,"64":0},"f":{"0":0,"1":0,"2":0,"3":0,"4":0,"5":0,"6":0,"7":0,"8":0,"9":0,"10":0,"11":0,"12":0,"13":0,"14":0,"15":0,"16":0,"17":0,"18":0,"19":0,"20":0},"b":{"0":[0],"1":[0,0],"2":[0],"3":[0,0],"4":[0],"5":[0,0],"6":[0,0]}}
,"/home/ubuntu/trading-research/virtual-office/tickerpulse-checkout/electron/preload/preload.ts": {"path":"/home/ubuntu/trading-research/virtual-office/tickerpulse-checkout/electron/preload/preload.ts","statementMap":{"0":{"start":{"line":1,"column":0},"end":{"line":1,"column":54}},"1":{"start":{"line":3,"column":0},"end":{"line":46,"column":3}},"2":{"start":{"line":8,"column":4},"end":{"line":8,"column":55}},"3":{"start":{"line":13,"column":31},"end":{"line":13,"column":79}},"4":{"start":{"line":18,"column":24},"end":{"line":18,"column":69}},"5":{"start":{"line":23,"column":24},"end":{"line":23,"column":59}},"6":{"start":{"line":28,"column":24},"end":{"line":28,"column":59}},"7":{"start":{"line":29,"column":21},"end":{"line":29,"column":53}},"8":{"start":{"line":39,"column":23},"end":{"line":39,"column":50}},"9":{"start":{"line":40,"column":21},"end":{"line":40,"column":50}},"10":{"start":{"line":41,"column":4},"end":{"line":44,"column":7}},"11":{"start":{"line":55,"column":0},"end":{"line":68,"column":3}},"12":{"start":{"line":67,"column":8},"end":{"line":67,"column":52}}},"fnMap":{"0":{"name":"(anonymous_0)","decl":{"start":{"line":7,"column":18},"end":{"line":7,"column":19}},"loc":{"start":{"line":8,"column":4},"end":{"line":8,"column":55}}},"1":{"name":"(anonymous_1)","decl":{"start":{"line":13,"column":14},"end":{"line":13,"column":15}},"loc":{"start":{"line":13,"column":31},"end":{"line":13,"column":79}}},"2":{"name":"(anonymous_2)","decl":{"start":{"line":18,"column":18},"end":{"line":18,"column":21}},"loc":{"start":{"line":18,"column":24},"end":{"line":18,"column":69}}},"3":{"name":"(anonymous_3)","decl":{"start":{"line":23,"column":18},"end":{"line":23,"column":21}},"loc":{"start":{"line":23,"column":24},"end":{"line":23,"column":59}}},"4":{"name":"(anonymous_4)","decl":{"start":{"line":28,"column":18},"end":{"line":28,"column":21}},"loc":{"start":{"line":28,"column":24},"end":{"line":28,"column":59}}},"5":{"name":"(anonymous_5)","decl":{"start":{"line":29,"column":15},"end":{"line":29,"column":18}},"loc":{"start":{"line":29,"column":21},"end":{"line":29,"column":53}}},"6":{"name":"(anonymous_6)","decl":{"start":{"line":38,"column":20},"end":{"line":38,"column":21}},"loc":{"start":{"line":38,"column":56},"end":{"line":45,"column":3}}},"7":{"name":"(anonymous_7)","decl":{"start":{"line":60,"column":15},"end":{"line":60,"column":16}},"loc":{"start":{"line":67,"column":8},"end":{"line":67,"column":52}}}},"branchMap":{},"s":{"0":0,"1":0,"2":0,"3":0,"4":0,"5":0,"6":0,"7":0,"8":0,"9":0,"10":0,"11":0,"12":0},"f":{"0":0,"1":0,"2":0,"3":0,"4":0,"5":0,"6":0,"7":0},"b":{}}
}
