TN:
SF:main/backend-manager.ts
FN:15,(anonymous_10)
FN:36,(anonymous_11)
FN:58,(anonymous_12)
FN:62,(anonymous_13)
FN:66,(anonymous_14)
FN:74,(anonymous_15)
FN:86,(anonymous_16)
FN:91,(anonymous_17)
FN:92,(anonymous_18)
FN:94,(anonymous_19)
FN:97,(anonymous_20)
FN:104,(anonymous_21)
FNF:12
FNH:0
FNDA:0,(anonymous_10)
FNDA:0,(anonymous_11)
FNDA:0,(anonymous_12)
FNDA:0,(anonymous_13)
FNDA:0,(anonymous_14)
FNDA:0,(anonymous_15)
FNDA:0,(anonymous_16)
FNDA:0,(anonymous_17)
FNDA:0,(anonymous_18)
FNDA:0,(anonymous_19)
FNDA:0,(anonymous_20)
FNDA:0,(anonymous_21)
DA:1,0
DA:2,0
DA:3,0
DA:4,0
DA:5,0
DA:6,0
DA:8,0
DA:9,0
DA:10,0
DA:16,0
DA:17,0
DA:18,0
DA:21,0
DA:35,0
DA:36,0
DA:38,0
DA:40,0
DA:41,0
DA:42,0
DA:45,0
DA:46,0
DA:47,0
DA:48,0
DA:51,0
DA:58,0
DA:59,0
DA:62,0
DA:63,0
DA:66,0
DA:67,0
DA:75,0
DA:76,0
DA:77,0
DA:78,0
DA:79,0
DA:80,0
DA:81,0
DA:86,0
DA:88,0
DA:92,0
DA:93,0
DA:95,0
DA:97,0
DA:105,0
DA:106,0
DA:108,0
DA:112,0
DA:114,0
DA:115,0
LF:49
LH:0
BRDA:38,0,0,0
BRDA:38,0,1,0
BRDA:45,1,0,0
BRDA:45,1,1,0
BRDA:74,2,0,0
BRDA:79,3,0,0
BRDA:105,4,0,0
BRDA:105,5,0,0
BRDA:105,5,1,0
BRDA:106,6,0,0
BRDA:106,6,1,0
BRF:11
BRH:0
end_of_record
TN:
SF:main/env-manager.ts
FN:27,writeEnvFile
FN:68,parseEnvFile
FNF:2
FNH:0
FNDA:0,writeEnvFile
FNDA:0,parseEnvFile
DA:1,1
DA:2,1
DA:27,1
DA:28,0
DA:29,0
DA:62,0
DA:68,1
DA:69,0
DA:70,0
DA:71,0
DA:72,0
DA:73,0
DA:74,0
DA:75,0
DA:76,0
DA:77,0
DA:80,0
LF:17
LH:4
BRDA:34,0,0,0
BRDA:34,0,1,0
BRDA:35,1,0,0
BRDA:35,1,1,0
BRDA:36,2,0,0
BRDA:36,2,1,0
BRDA:37,3,0,0
BRDA:37,3,1,0
BRDA:47,4,0,0
BRDA:47,4,1,0
BRDA:48,5,0,0
BRDA:48,5,1,0
BRDA:49,6,0,0
BRDA:49,6,1,0
BRDA:50,7,0,0
BRDA:50,7,1,0
BRDA:70,8,0,0
BRDA:74,9,0,0
BRDA:74,10,0,0
BRDA:74,10,1,0
BRDA:76,11,0,0
BRF:21
BRH:0
end_of_record
TN:
SF:main/frontend-manager.ts
FN:13,(anonymous_10)
FN:14,(anonymous_11)
FN:51,(anonymous_12)
FN:55,(anonymous_13)
FN:59,(anonymous_14)
FN:67,(anonymous_15)
FN:79,(anonymous_16)
FN:84,(anonymous_17)
FN:85,(anonymous_18)
FN:87,(anonymous_19)
FN:90,(anonymous_20)
FN:97,(anonymous_21)
FNF:12
FNH:0
FNDA:0,(anonymous_10)
FNDA:0,(anonymous_11)
FNDA:0,(anonymous_12)
FNDA:0,(anonymous_13)
FNDA:0,(anonymous_14)
FNDA:0,(anonymous_15)
FNDA:0,(anonymous_16)
FNDA:0,(anonymous_17)
FNDA:0,(anonymous_18)
FNDA:0,(anonymous_19)
FNDA:0,(anonymous_20)
FNDA:0,(anonymous_21)
DA:1,0
DA:2,0
DA:3,0
DA:4,0
DA:6,0
DA:7,0
DA:8,0
DA:14,0
DA:20,0
DA:21,0
DA:23,0
DA:25,0
DA:26,0
DA:27,0
DA:28,0
DA:31,0
DA:32,0
DA:33,0
DA:34,0
DA:37,0
DA:44,0
DA:51,0
DA:52,0
DA:55,0
DA:56,0
DA:59,0
DA:60,0
DA:68,0
DA:69,0
DA:70,0
DA:71,0
DA:72,0
DA:73,0
DA:74,0
DA:79,0
DA:81,0
DA:85,0
DA:86,0
DA:88,0
DA:90,0
DA:98,0
DA:99,0
DA:100,0
DA:104,0
DA:106,0
DA:107,0
LF:46
LH:0
BRDA:23,0,0,0
BRDA:23,0,1,0
BRDA:23,1,0,0
BRDA:23,1,1,0
BRDA:31,2,0,0
BRDA:31,2,1,0
BRDA:67,3,0,0
BRDA:72,4,0,0
BRDA:88,5,0,0
BRDA:88,5,1,0
BRDA:98,6,0,0
BRDA:98,7,0,0
BRDA:98,7,1,0
BRDA:99,8,0,0
BRDA:99,8,1,0
BRF:15
BRH:0
end_of_record
TN:
SF:main/index.ts
FN:28,(anonymous_10)
FN:35,buildAppMenu
FN:43,(anonymous_12)
FN:54,(anonymous_13)
FN:67,(anonymous_14)
FN:77,(anonymous_15)
FN:87,(anonymous_16)
FN:110,(anonymous_17)
FN:117,(anonymous_18)
FN:140,(anonymous_19)
FN:146,(anonymous_20)
FN:162,(anonymous_21)
FN:169,(anonymous_22)
FN:170,(anonymous_23)
FN:181,(anonymous_24)
FN:188,(anonymous_25)
FN:197,showWizard
FN:217,(anonymous_27)
FN:224,(anonymous_28)
FN:237,startApp
FN:282,(anonymous_30)
FN:290,(anonymous_31)
FN:299,showErrorPage
FN:377,shutdown
FNF:24
FNH:0
FNDA:0,(anonymous_10)
FNDA:0,buildAppMenu
FNDA:0,(anonymous_12)
FNDA:0,(anonymous_13)
FNDA:0,(anonymous_14)
FNDA:0,(anonymous_15)
FNDA:0,(anonymous_16)
FNDA:0,(anonymous_17)
FNDA:0,(anonymous_18)
FNDA:0,(anonymous_19)
FNDA:0,(anonymous_20)
FNDA:0,(anonymous_21)
FNDA:0,(anonymous_22)
FNDA:0,(anonymous_23)
FNDA:0,(anonymous_24)
FNDA:0,(anonymous_25)
FNDA:0,showWizard
FNDA:0,(anonymous_27)
FNDA:0,(anonymous_28)
FNDA:0,startApp
FNDA:0,(anonymous_30)
FNDA:0,(anonymous_31)
FNDA:0,showErrorPage
FNDA:0,shutdown
DA:10,0
DA:11,0
DA:12,0
DA:13,0
DA:15,0
DA:16,0
DA:17,0
DA:18,0
DA:19,0
DA:20,0
DA:22,0
DA:23,0
DA:24,0
DA:25,0
DA:28,0
DA:29,0
DA:36,0
DA:44,0
DA:45,0
DA:46,0
DA:55,0
DA:56,0
DA:68,0
DA:69,0
DA:70,0
DA:78,0
DA:79,0
DA:80,0
DA:88,0
DA:89,0
DA:90,0
DA:111,0
DA:118,0
DA:141,0
DA:147,0
DA:154,0
DA:155,0
DA:162,0
DA:163,0
DA:165,0
DA:166,0
DA:169,0
DA:170,0
DA:172,0
DA:173,0
DA:174,0
DA:176,0
DA:177,0
DA:181,0
DA:183,0
DA:184,0
DA:188,0
DA:189,0
DA:190,0
DA:198,0
DA:212,0
DA:214,0
DA:217,0
DA:218,0
DA:219,0
DA:220,0
DA:221,0
DA:224,0
DA:225,0
DA:227,0
DA:228,0
DA:239,0
DA:254,0
DA:256,0
DA:257,0
DA:259,0
DA:261,0
DA:262,0
DA:263,0
DA:264,0
DA:265,0
DA:268,0
DA:269,0
DA:270,0
DA:271,0
DA:272,0
DA:275,0
DA:278,0
DA:281,0
DA:282,0
DA:284,0
DA:286,0
DA:287,0
DA:290,0
DA:291,0
DA:300,0
DA:302,0
DA:303,0
DA:368,0
DA:369,0
DA:370,0
DA:378,0
DA:380,0
DA:381,0
DA:382,0
DA:385,0
DA:386,0
DA:387,0
DA:390,0
LF:104
LH:0
BRDA:44,0,0,0
BRDA:68,1,0,0
BRDA:78,2,0,0
BRDA:88,3,0,0
BRDA:172,4,0,0
BRDA:172,4,1,0
BRDA:183,5,0,0
BRDA:227,6,0,0
BRDA:300,7,0,0
BRDA:380,8,0,0
BRDA:385,9,0,0
BRF:11
BRH:0
end_of_record
TN:
SF:main/ipc-handlers.ts
FN:23,_reportToFlask
FN:43,registerIpcHandlers
FN:49,(anonymous_3)
FN:62,(anonymous_4)
FN:80,(anonymous_5)
FN:90,(anonymous_6)
FN:112,(anonymous_7)
FN:137,testProviderDirect
FN:146,(anonymous_9)
FN:160,(anonymous_10)
FN:164,(anonymous_11)
FN:168,(anonymous_12)
FNF:12
FNH:3
FNDA:3,_reportToFlask
FNDA:19,registerIpcHandlers
FNDA:0,(anonymous_3)
FNDA:0,(anonymous_4)
FNDA:0,(anonymous_5)
FNDA:14,(anonymous_6)
FNDA:0,(anonymous_7)
FNDA:0,testProviderDirect
FNDA:0,(anonymous_9)
FNDA:0,(anonymous_10)
FNDA:0,(anonymous_11)
FNDA:0,(anonymous_12)
DA:1,2
DA:2,2
DA:3,2
DA:4,2
DA:11,2
DA:12,2
DA:24,3
DA:25,3
DA:43,2
DA:47,19
DA:53,0
DA:60,13
DA:63,0
DA:64,0
DA:65,0
DA:66,0
DA:67,0
DA:69,0
DA:70,0
DA:71,0
DA:72,0
DA:80,13
DA:81,0
DA:88,13
DA:91,14
DA:92,14
DA:93,11
DA:95,3
DA:96,3
DA:97,3
DA:110,13
DA:113,0
DA:114,0
DA:141,0
DA:142,0
DA:145,0
DA:147,0
DA:161,0
DA:165,0
DA:169,0
DA:174,0
DA:175,0
DA:176,0
DA:179,0
DA:180,0
DA:181,0
DA:182,0
DA:184,0
DA:185,0
DA:187,0
DA:189,0
LF:51
LH:20
BRDA:11,0,0,2
BRDA:11,0,1,2
BRDA:70,1,0,0
BRDA:70,1,1,0
BRDA:96,2,0,3
BRDA:96,2,1,0
BRDA:118,3,0,0
BRDA:118,3,1,0
BRDA:122,4,0,0
BRDA:122,4,1,0
BRDA:123,5,0,0
BRDA:123,5,1,0
BRDA:124,6,0,0
BRDA:124,6,1,0
BRDA:141,7,0,0
BRDA:141,8,0,0
BRDA:141,8,1,0
BRDA:175,9,0,0
BRDA:181,10,0,0
BRDA:184,11,0,0
BRDA:184,12,0,0
BRDA:184,12,1,0
BRF:22
BRH:3
end_of_record
TN:
SF:main/paths.ts
FN:9,getAppDataPath
FN:20,getResourcePath
FN:31,isFirstRun
FN:39,markSetupComplete
FN:47,getEnvPath
FN:54,getLogsPath
FNF:6
FNH:0
FNDA:0,getAppDataPath
FNDA:0,getResourcePath
FNDA:0,isFirstRun
FNDA:0,markSetupComplete
FNDA:0,getEnvPath
FNDA:0,getLogsPath
DA:1,1
DA:2,1
DA:3,1
DA:9,1
DA:10,0
DA:11,0
DA:12,0
DA:20,1
DA:21,0
DA:22,0
DA:25,0
DA:31,1
DA:32,0
DA:33,0
DA:39,1
DA:40,0
DA:41,0
DA:47,1
DA:48,0
DA:54,1
DA:55,0
DA:56,0
DA:57,0
LF:23
LH:9
BRDA:21,0,0,0
BRF:1
BRH:0
end_of_record
TN:
SF:main/tray.ts
FN:9,setupTray
FN:21,(anonymous_10)
FN:27,(anonymous_11)
FN:35,rebuildTrayMenu
FN:39,buildTrayMenu
FN:48,(anonymous_14)
FN:56,(anonymous_15)
FN:63,(anonymous_16)
FN:70,(anonymous_17)
FN:80,(anonymous_18)
FN:90,getUpdateMenuItem
FN:101,(anonymous_20)
FN:109,(anonymous_21)
FN:117,(anonymous_22)
FNF:14
FNH:0
FNDA:0,setupTray
FNDA:0,(anonymous_10)
FNDA:0,(anonymous_11)
FNDA:0,rebuildTrayMenu
FNDA:0,buildTrayMenu
FNDA:0,(anonymous_14)
FNDA:0,(anonymous_15)
FNDA:0,(anonymous_16)
FNDA:0,(anonymous_17)
FNDA:0,(anonymous_18)
FNDA:0,getUpdateMenuItem
FNDA:0,(anonymous_20)
FNDA:0,(anonymous_21)
FNDA:0,(anonymous_22)
DA:1,0
DA:2,0
DA:3,0
DA:4,0
DA:6,0
DA:7,0
DA:9,0
DA:10,0
DA:13,0
DA:15,0
DA:16,0
DA:18,0
DA:21,0
DA:22,0
DA:23,0
DA:27,0
DA:28,0
DA:29,0
DA:30,0
DA:35,0
DA:36,0
DA:40,0
DA:41,0
DA:43,0
DA:45,0
DA:49,0
DA:50,0
DA:57,0
DA:58,0
DA:64,0
DA:65,0
DA:71,0
DA:72,0
DA:81,0
DA:82,0
DA:87,0
DA:91,0
DA:93,0
DA:95,0
DA:97,0
DA:99,0
DA:102,0
DA:103,0
DA:107,0
DA:109,0
DA:112,0
DA:115,0
DA:117,0
LF:48
LH:0
BRDA:28,0,0,0
BRDA:40,1,0,0
BRDA:40,2,0,0
BRDA:40,2,1,0
BRDA:91,3,0,0
BRDA:91,3,1,0
BRDA:91,3,2,0
BRDA:91,3,3,0
BRDA:91,3,4,0
BRDA:91,3,5,0
BRDA:91,3,6,0
BRDA:91,3,7,0
BRF:12
BRH:0
end_of_record
TN:
SF:main/updater.ts
FN:37,getUpdateStatus
FN:41,setOnStatusChange
FN:45,initAutoUpdater
FN:54,(anonymous_4)
FN:59,(anonymous_5)
FN:64,(anonymous_6)
FN:67,(anonymous_7)
FN:70,(anonymous_8)
FN:76,(anonymous_9)
FN:82,(anonymous_10)
FN:85,(anonymous_11)
FN:89,(anonymous_12)
FN:91,(anonymous_13)
FN:97,(anonymous_14)
FN:99,(anonymous_15)
FN:105,checkForUpdatesManual
FN:110,(anonymous_17)
FN:128,setStatus
FN:133,promptUserToRestart
FN:148,(anonymous_20)
FN:152,(anonymous_21)
FNF:21
FNH:0
FNDA:0,getUpdateStatus
FNDA:0,setOnStatusChange
FNDA:0,initAutoUpdater
FNDA:0,(anonymous_4)
FNDA:0,(anonymous_5)
FNDA:0,(anonymous_6)
FNDA:0,(anonymous_7)
FNDA:0,(anonymous_8)
FNDA:0,(anonymous_9)
FNDA:0,(anonymous_10)
FNDA:0,(anonymous_11)
FNDA:0,(anonymous_12)
FNDA:0,(anonymous_13)
FNDA:0,(anonymous_14)
FNDA:0,(anonymous_15)
FNDA:0,checkForUpdatesManual
FNDA:0,(anonymous_17)
FNDA:0,setStatus
FNDA:0,promptUserToRestart
FNDA:0,(anonymous_20)
FNDA:0,(anonymous_21)
DA:8,0
DA:9,0
DA:10,0
DA:29,0
DA:30,0
DA:31,0
DA:37,0
DA:38,0
DA:41,0
DA:42,0
DA:45,0
DA:46,0
DA:49,0
DA:50,0
DA:51,0
DA:54,0
DA:55,0
DA:56,0
DA:59,0
DA:60,0
DA:61,0
DA:64,0
DA:65,0
DA:66,0
DA:67,0
DA:70,0
DA:71,0
DA:72,0
DA:73,0
DA:76,0
DA:77,0
DA:78,0
DA:79,0
DA:82,0
DA:83,0
DA:84,0
DA:85,0
DA:89,0
DA:90,0
DA:91,0
DA:92,0
DA:97,0
DA:98,0
DA:99,0
DA:100,0
DA:105,0
DA:106,0
DA:107,0
DA:110,0
DA:111,0
DA:112,0
DA:113,0
DA:129,0
DA:130,0
DA:134,0
DA:136,0
DA:149,0
DA:150,0
DA:151,0
DA:152,0
DA:153,0
DA:156,0
LF:62
LH:0
BRDA:106,0,0,0
BRDA:106,1,0,0
BRDA:106,1,1,0
BRDA:112,2,0,0
BRDA:112,3,0,0
BRDA:112,3,1,0
BRDA:134,4,0,0
BRDA:134,5,0,0
BRDA:134,5,1,0
BRDA:149,6,0,0
BRDA:149,6,1,0
BRF:11
BRH:0
end_of_record
TN:
SF:preload/preload.ts
FN:7,(anonymous_0)
FN:13,(anonymous_1)
FN:18,(anonymous_2)
FN:23,(anonymous_3)
FN:28,(anonymous_4)
FN:29,(anonymous_5)
FN:38,(anonymous_6)
FN:60,(anonymous_7)
FNF:8
FNH:0
FNDA:0,(anonymous_0)
FNDA:0,(anonymous_1)
FNDA:0,(anonymous_2)
FNDA:0,(anonymous_3)
FNDA:0,(anonymous_4)
FNDA:0,(anonymous_5)
FNDA:0,(anonymous_6)
FNDA:0,(anonymous_7)
DA:1,0
DA:3,0
DA:8,0
DA:13,0
DA:18,0
DA:23,0
DA:28,0
DA:29,0
DA:39,0
DA:40,0
DA:41,0
DA:55,0
DA:67,0
LF:13
LH:0
BRF:0
BRH:0
end_of_record
